<?xml version="1.0" encoding="UTF-8"?>
<!-- Generated by org.testng.reporters.JUnitReportReporter -->
<testsuite hostname="Ujjvals-MBP.ht.home" failures="0" tests="1" name="Testng.AppTest" time="0.008" errors="0" timestamp="21 Mar. 2022 01:48:44 GMT" skipped="0">
  <testcase classname="Testng.AppTest" name="seti" time="0.008"/>
</testsuite> <!-- Testng.AppTest -->
