<?xml version="1.0" encoding="UTF-8"?>
<!-- Generated by org.testng.reporters.JUnitReportReporter -->
<testsuite hostname="Ujjvals-MBP.ht.home" failures="0" tests="2" name="TestngDay1.AppTest" time="0.012" errors="0" timestamp="21 Mar. 2022 03:17:45 GMT" skipped="0">
  <testcase classname="TestngDay1.AppTest" name="titleTest" time="0.007"/>
  <testcase classname="TestngDay1.AppTest" name="urlTest" time="0.005"/>
</testsuite> <!-- TestngDay1.AppTest -->
