<?xml version="1.0" encoding="UTF-8"?>
<!-- Generated by org.testng.reporters.JUnitReportReporter -->
<testsuite hostname="Ujjvals-MBP.ht.home" failures="0" tests="5" name="TestngDay2.PriorityTest" time="0.016" errors="0" timestamp="22 Mar. 2022 20:33:20 GMT" skipped="0">
  <testcase classname="TestngDay2.PriorityTest" name="etest" time="0.002"/>
  <testcase classname="TestngDay2.PriorityTest" name="dtest" time="0.010"/>
  <testcase classname="TestngDay2.PriorityTest" name="btest" time="0.002"/>
  <testcase classname="TestngDay2.PriorityTest" name="ctest" time="0.000"/>
  <testcase classname="TestngDay2.PriorityTest" name="atest" time="0.002"/>
</testsuite> <!-- TestngDay2.PriorityTest -->
