<?xml version="1.0" encoding="UTF-8"?>
<!-- Generated by org.testng.reporters.JUnitReportReporter -->
<testsuite hostname="Ujjvals-MBP.ht.home" failures="0" tests="1" name="TestngDay2.ExpectedException" time="0.008" errors="0" timestamp="22 Mar. 2022 20:01:01 GMT" skipped="0">
  <testcase classname="TestngDay2.ExpectedException" name="loginTest" time="0.008"/>
</testsuite> <!-- TestngDay2.ExpectedException -->
