<?xml version="1.0" encoding="UTF-8"?>
<!-- Generated by org.testng.reporters.JUnitReportReporter -->
<testsuite hostname="Ujjvals-MBP.ht.home" failures="0" tests="5" name="TestngDay1.DemoOpenCartTest" time="14.359" errors="0" timestamp="22 Mar. 2022 20:30:55 GMT" skipped="0">
  <testcase classname="TestngDay1.DemoOpenCartTest" name="serchTest" time="3.335"/>
  <testcase classname="TestngDay1.DemoOpenCartTest" name="changePassword" time="2.353"/>
  <testcase classname="TestngDay1.DemoOpenCartTest" name="orderHistory" time="2.850"/>
  <testcase classname="TestngDay1.DemoOpenCartTest" name="titleTest" time="2.082"/>
  <testcase classname="TestngDay1.DemoOpenCartTest" name="afflilateInformation" time="3.739"/>
</testsuite> <!-- TestngDay1.DemoOpenCartTest -->
