<?xml version="1.0" encoding="UTF-8"?>
<!-- Generated by org.testng.reporters.JUnitReportReporter -->
<testsuite hostname="Ujjvals-MBP.ht.home" failures="0" tests="8" name="TestngDay2.InvocationTime" time="0.021" errors="0" timestamp="22 Mar. 2022 20:03:28 GMT" skipped="0">
  <testcase classname="TestngDay2.InvocationTime" name="Btest" time="0.001"/>
  <testcase classname="TestngDay2.InvocationTime" name="Atest" time="0.009"/>
  <testcase classname="TestngDay2.InvocationTime" name="Atest" time="0.003"/>
  <testcase classname="TestngDay2.InvocationTime" name="Atest" time="0.001"/>
  <testcase classname="TestngDay2.InvocationTime" name="Btest" time="0.001"/>
  <testcase classname="TestngDay2.InvocationTime" name="Atest" time="0.001"/>
  <testcase classname="TestngDay2.InvocationTime" name="Atest" time="0.002"/>
  <testcase classname="TestngDay2.InvocationTime" name="Btest" time="0.003"/>
</testsuite> <!-- TestngDay2.InvocationTime -->
